app/build/intermediates/manifest_merge_blame_file/debug/processDebugMainManifest/manifest-merger-blame-debug-report.txt
1<?xml version="1.0" encoding="utf-8"?>
2<manifest xmlns:android="http://schemas.android.com/apk/res/android"
3    package="com.example.safetyassistant"
4    android:versionCode="1"
5    android:versionName="1.0" >
6
7    <uses-sdk
8        android:minSdkVersion="24"
9        android:targetSdkVersion="34" />
10
11    <!-- 网络权限 -->
12    <uses-permission android:name="android.permission.INTERNET" />
12-->src\main\AndroidManifest.xml:6:5-67
12-->src\main\AndroidManifest.xml:6:22-64
13    <uses-permission android:name="android.permission.ACCESS_NETWORK_STATE" />
13-->src\main\AndroidManifest.xml:7:5-79
13-->src\main\AndroidManifest.xml:7:22-76
14
15    <!-- 位置权限 -->
16    <uses-permission android:name="android.permission.ACCESS_FINE_LOCATION" />
16-->src\main\AndroidManifest.xml:10:5-79
16-->src\main\AndroidManifest.xml:10:22-76
17    <uses-permission android:name="android.permission.ACCESS_COARSE_LOCATION" />
17-->src\main\AndroidManifest.xml:11:5-81
17-->src\main\AndroidManifest.xml:11:22-78
18
19    <!-- 摄像头权限 -->
20    <uses-permission android:name="android.permission.CAMERA" />
20-->src\main\AndroidManifest.xml:14:5-65
20-->src\main\AndroidManifest.xml:14:22-62
21
22    <!-- 存储权限 -->
23    <uses-permission
23-->src\main\AndroidManifest.xml:17:5-18:38
24        android:name="android.permission.READ_EXTERNAL_STORAGE"
24-->src\main\AndroidManifest.xml:17:22-77
25        android:maxSdkVersion="32" />
25-->src\main\AndroidManifest.xml:18:9-35
26    <uses-permission
26-->src\main\AndroidManifest.xml:19:5-20:38
27        android:name="android.permission.WRITE_EXTERNAL_STORAGE"
27-->src\main\AndroidManifest.xml:19:22-78
28        android:maxSdkVersion="32" />
28-->src\main\AndroidManifest.xml:20:9-35
29
30    <!-- 拨打电话权限 -->
31    <uses-permission android:name="android.permission.CALL_PHONE" />
31-->src\main\AndroidManifest.xml:23:5-69
31-->src\main\AndroidManifest.xml:23:22-66
32    <uses-permission android:name="android.permission.CALL_PRIVILEGED" />
32-->src\main\AndroidManifest.xml:24:5-74
32-->src\main\AndroidManifest.xml:24:22-71
33
34    <!-- 发送短信权限 -->
35    <uses-permission android:name="android.permission.SEND_SMS" />
35-->src\main\AndroidManifest.xml:27:5-67
35-->src\main\AndroidManifest.xml:27:22-64
36
37    <!-- 读取短信权限 -->
38    <uses-permission android:name="android.permission.READ_SMS" />
38-->src\main\AndroidManifest.xml:30:5-67
38-->src\main\AndroidManifest.xml:30:22-64
39
40    <!-- 录音权限 -->
41    <uses-permission android:name="android.permission.RECORD_AUDIO" />
41-->src\main\AndroidManifest.xml:33:5-71
41-->src\main\AndroidManifest.xml:33:22-68
42
43    <!-- 震动权限 -->
44    <uses-permission android:name="android.permission.VIBRATE" />
44-->src\main\AndroidManifest.xml:36:5-66
44-->src\main\AndroidManifest.xml:36:22-63
45
46    <!-- WiFi权限 -->
47    <uses-permission android:name="android.permission.ACCESS_WIFI_STATE" />
47-->src\main\AndroidManifest.xml:39:5-76
47-->src\main\AndroidManifest.xml:39:22-73
48
49    <!-- 唤醒锁 -->
50    <uses-permission android:name="android.permission.WAKE_LOCK" />
50-->src\main\AndroidManifest.xml:42:5-68
50-->src\main\AndroidManifest.xml:42:22-65
51
52    <!-- 前台服务权限 -->
53    <uses-permission android:name="android.permission.FOREGROUND_SERVICE" />
53-->src\main\AndroidManifest.xml:45:5-77
53-->src\main\AndroidManifest.xml:45:22-74
54
55    <!-- 硬件特性 -->
56    <uses-feature
56-->src\main\AndroidManifest.xml:48:5-50:36
57        android:name="android.hardware.camera"
57-->src\main\AndroidManifest.xml:49:9-47
58        android:required="false" />
58-->src\main\AndroidManifest.xml:50:9-33
59    <uses-feature
59-->src\main\AndroidManifest.xml:51:5-53:36
60        android:name="android.hardware.location.gps"
60-->src\main\AndroidManifest.xml:52:9-53
61        android:required="false" />
61-->src\main\AndroidManifest.xml:53:9-33
62    <uses-feature
62-->src\main\AndroidManifest.xml:54:5-56:36
63        android:name="android.hardware.microphone"
63-->src\main\AndroidManifest.xml:55:9-51
64        android:required="false" />
64-->src\main\AndroidManifest.xml:56:9-33
65
66    <permission
66-->[androidx.core:core:1.12.0] AndroidManifest.xml:22:5-24:47
67        android:name="com.example.safetyassistant.DYNAMIC_RECEIVER_NOT_EXPORTED_PERMISSION"
67-->[androidx.core:core:1.12.0] AndroidManifest.xml:23:9-81
68        android:protectionLevel="signature" />
68-->[androidx.core:core:1.12.0] AndroidManifest.xml:24:9-44
69
70    <uses-permission android:name="com.example.safetyassistant.DYNAMIC_RECEIVER_NOT_EXPORTED_PERMISSION" />
70-->[androidx.core:core:1.12.0] AndroidManifest.xml:26:5-97
70-->[androidx.core:core:1.12.0] AndroidManifest.xml:26:22-94
71
72    <uses-feature
72-->[com.journeyapps:zxing-android-embedded:4.3.0] AndroidManifest.xml:28:5-30:36
73        android:name="android.hardware.camera.front"
73-->[com.journeyapps:zxing-android-embedded:4.3.0] AndroidManifest.xml:29:9-53
74        android:required="false" /> <!-- TODO replace above two with next line after Android 4.2 -->
74-->[com.journeyapps:zxing-android-embedded:4.3.0] AndroidManifest.xml:30:9-33
75    <!-- <uses-feature android:name="android.hardware.camera.any"/> -->
76    <uses-feature
76-->[com.journeyapps:zxing-android-embedded:4.3.0] AndroidManifest.xml:33:5-35:36
77        android:name="android.hardware.camera.autofocus"
77-->[com.journeyapps:zxing-android-embedded:4.3.0] AndroidManifest.xml:34:9-57
78        android:required="false" />
78-->[com.journeyapps:zxing-android-embedded:4.3.0] AndroidManifest.xml:35:9-33
79    <uses-feature
79-->[com.journeyapps:zxing-android-embedded:4.3.0] AndroidManifest.xml:36:5-38:36
80        android:name="android.hardware.camera.flash"
80-->[com.journeyapps:zxing-android-embedded:4.3.0] AndroidManifest.xml:37:9-53
81        android:required="false" />
81-->[com.journeyapps:zxing-android-embedded:4.3.0] AndroidManifest.xml:38:9-33
82    <uses-feature
82-->[com.journeyapps:zxing-android-embedded:4.3.0] AndroidManifest.xml:39:5-41:36
83        android:name="android.hardware.screen.landscape"
83-->[com.journeyapps:zxing-android-embedded:4.3.0] AndroidManifest.xml:40:9-57
84        android:required="false" />
84-->[com.journeyapps:zxing-android-embedded:4.3.0] AndroidManifest.xml:41:9-33
85    <uses-feature
85-->[com.journeyapps:zxing-android-embedded:4.3.0] AndroidManifest.xml:42:5-44:36
86        android:name="android.hardware.wifi"
86-->[com.journeyapps:zxing-android-embedded:4.3.0] AndroidManifest.xml:43:9-45
87        android:required="false" />
87-->[com.journeyapps:zxing-android-embedded:4.3.0] AndroidManifest.xml:44:9-33
88
89    <application
89-->src\main\AndroidManifest.xml:58:5-144:19
90        android:name="com.example.safetyassistant.SafetyAssistantApp"
90-->src\main\AndroidManifest.xml:59:9-43
91        android:allowBackup="true"
91-->src\main\AndroidManifest.xml:60:9-35
92        android:appComponentFactory="androidx.core.app.CoreComponentFactory"
92-->[androidx.core:core:1.12.0] AndroidManifest.xml:28:18-86
93        android:debuggable="true"
94        android:extractNativeLibs="false"
95        android:icon="@mipmap/ic_launcher"
95-->src\main\AndroidManifest.xml:61:9-43
96        android:label="@string/app_name"
96-->src\main\AndroidManifest.xml:62:9-41
97        android:roundIcon="@mipmap/ic_launcher_round"
97-->src\main\AndroidManifest.xml:63:9-54
98        android:supportsRtl="true"
98-->src\main\AndroidManifest.xml:64:9-35
99        android:testOnly="true"
100        android:theme="@style/Theme.SafetyAssistant"
100-->src\main\AndroidManifest.xml:65:9-53
101        android:usesCleartextTraffic="true" >
101-->src\main\AndroidManifest.xml:66:9-44
102        <meta-data
102-->src\main\AndroidManifest.xml:69:9-71:64
103            android:name="com.amap.api.v2.apikey"
103-->src\main\AndroidManifest.xml:70:13-50
104            android:value="68292ff70db1d52e4eff7f4f7846c478" />
104-->src\main\AndroidManifest.xml:71:13-61
105
106        <!-- 主界面 -->
107        <activity
107-->src\main\AndroidManifest.xml:74:9-82:20
108            android:name="com.example.safetyassistant.activities.MainActivity"
108-->src\main\AndroidManifest.xml:75:13-52
109            android:exported="true"
109-->src\main\AndroidManifest.xml:76:13-36
110            android:screenOrientation="portrait" >
110-->src\main\AndroidManifest.xml:77:13-49
111            <intent-filter>
111-->src\main\AndroidManifest.xml:78:13-81:29
112                <action android:name="android.intent.action.MAIN" />
112-->src\main\AndroidManifest.xml:79:17-69
112-->src\main\AndroidManifest.xml:79:25-66
113
114                <category android:name="android.intent.category.LAUNCHER" />
114-->src\main\AndroidManifest.xml:80:17-77
114-->src\main\AndroidManifest.xml:80:27-74
115            </intent-filter>
116        </activity>
117
118        <!-- 用户界面 -->
119        <activity
119-->src\main\AndroidManifest.xml:85:9-88:52
120            android:name="com.example.safetyassistant.activities.UserActivity"
120-->src\main\AndroidManifest.xml:86:13-52
121            android:exported="false"
121-->src\main\AndroidManifest.xml:87:13-37
122            android:screenOrientation="portrait" />
122-->src\main\AndroidManifest.xml:88:13-49
123
124        <!-- 直播界面 -->
125        <activity
125-->src\main\AndroidManifest.xml:91:9-94:52
126            android:name="com.example.safetyassistant.activities.LiveActivity"
126-->src\main\AndroidManifest.xml:92:13-52
127            android:exported="false"
127-->src\main\AndroidManifest.xml:93:13-37
128            android:screenOrientation="portrait" />
128-->src\main\AndroidManifest.xml:94:13-49
129
130        <!-- 文本检测界面 -->
131        <activity
131-->src\main\AndroidManifest.xml:97:9-100:52
132            android:name="com.example.safetyassistant.activities.TextCheckActivity"
132-->src\main\AndroidManifest.xml:98:13-57
133            android:exported="false"
133-->src\main\AndroidManifest.xml:99:13-37
134            android:screenOrientation="portrait" />
134-->src\main\AndroidManifest.xml:100:13-49
135
136        <!-- 二维码扫描界面 -->
137        <activity
137-->src\main\AndroidManifest.xml:103:9-106:52
138            android:name="com.example.safetyassistant.activities.QRScanActivity"
138-->src\main\AndroidManifest.xml:104:13-54
139            android:exported="false"
139-->src\main\AndroidManifest.xml:105:13-37
140            android:screenOrientation="portrait" />
140-->src\main\AndroidManifest.xml:106:13-49
141
142        <!-- 地图导航界面 -->
143        <activity
143-->src\main\AndroidManifest.xml:109:9-112:52
144            android:name="com.example.safetyassistant.activities.MapActivity"
144-->src\main\AndroidManifest.xml:110:13-51
145            android:exported="false"
145-->src\main\AndroidManifest.xml:111:13-37
146            android:screenOrientation="portrait" />
146-->src\main\AndroidManifest.xml:112:13-49
147
148        <!-- 安全模式界面 -->
149        <activity
149-->src\main\AndroidManifest.xml:115:9-118:52
150            android:name="com.example.safetyassistant.activities.SafeModeActivity"
150-->src\main\AndroidManifest.xml:116:13-56
151            android:exported="false"
151-->src\main\AndroidManifest.xml:117:13-37
152            android:screenOrientation="portrait" />
152-->src\main\AndroidManifest.xml:118:13-49
153
154        <!-- 语音助手界面 -->
155        <activity
155-->src\main\AndroidManifest.xml:121:9-124:52
156            android:name="com.example.safetyassistant.activities.VoiceActivity"
156-->src\main\AndroidManifest.xml:122:13-53
157            android:exported="false"
157-->src\main\AndroidManifest.xml:123:13-37
158            android:screenOrientation="portrait" />
158-->src\main\AndroidManifest.xml:124:13-49
159
160        <!-- 历史记录界面 -->
161        <activity
161-->src\main\AndroidManifest.xml:127:9-130:52
162            android:name="com.example.safetyassistant.activities.HistoryActivity"
162-->src\main\AndroidManifest.xml:128:13-55
163            android:exported="false"
163-->src\main\AndroidManifest.xml:129:13-37
164            android:screenOrientation="portrait" />
164-->src\main\AndroidManifest.xml:130:13-49
165
166        <!-- 反诈游戏界面 -->
167        <activity
167-->src\main\AndroidManifest.xml:133:9-136:52
168            android:name="com.example.safetyassistant.activities.GameActivity"
168-->src\main\AndroidManifest.xml:134:13-52
169            android:exported="false"
169-->src\main\AndroidManifest.xml:135:13-37
170            android:screenOrientation="portrait" />
170-->src\main\AndroidManifest.xml:136:13-49
171
172        <!-- 课程播放界面 -->
173        <activity
173-->src\main\AndroidManifest.xml:139:9-142:52
174            android:name="com.example.safetyassistant.activities.LivePlayerActivity"
174-->src\main\AndroidManifest.xml:140:13-58
175            android:exported="false"
175-->src\main\AndroidManifest.xml:141:13-37
176            android:screenOrientation="portrait" />
176-->src\main\AndroidManifest.xml:142:13-49
177
178        <provider
178-->[androidx.emoji2:emoji2:1.2.0] AndroidManifest.xml:24:9-32:20
179            android:name="androidx.startup.InitializationProvider"
179-->[androidx.emoji2:emoji2:1.2.0] AndroidManifest.xml:25:13-67
180            android:authorities="com.example.safetyassistant.androidx-startup"
180-->[androidx.emoji2:emoji2:1.2.0] AndroidManifest.xml:26:13-68
181            android:exported="false" >
181-->[androidx.emoji2:emoji2:1.2.0] AndroidManifest.xml:27:13-37
182            <meta-data
182-->[androidx.emoji2:emoji2:1.2.0] AndroidManifest.xml:29:13-31:52
183                android:name="androidx.emoji2.text.EmojiCompatInitializer"
183-->[androidx.emoji2:emoji2:1.2.0] AndroidManifest.xml:30:17-75
184                android:value="androidx.startup" />
184-->[androidx.emoji2:emoji2:1.2.0] AndroidManifest.xml:31:17-49
185            <meta-data
185-->[androidx.lifecycle:lifecycle-process:2.7.0] AndroidManifest.xml:29:13-31:52
186                android:name="androidx.lifecycle.ProcessLifecycleInitializer"
186-->[androidx.lifecycle:lifecycle-process:2.7.0] AndroidManifest.xml:30:17-78
187                android:value="androidx.startup" />
187-->[androidx.lifecycle:lifecycle-process:2.7.0] AndroidManifest.xml:31:17-49
188            <meta-data
188-->[androidx.profileinstaller:profileinstaller:1.3.0] AndroidManifest.xml:29:13-31:52
189                android:name="androidx.profileinstaller.ProfileInstallerInitializer"
189-->[androidx.profileinstaller:profileinstaller:1.3.0] AndroidManifest.xml:30:17-85
190                android:value="androidx.startup" />
190-->[androidx.profileinstaller:profileinstaller:1.3.0] AndroidManifest.xml:31:17-49
191        </provider>
192
193        <service
193-->[androidx.room:room-runtime:2.6.1] AndroidManifest.xml:24:9-28:63
194            android:name="androidx.room.MultiInstanceInvalidationService"
194-->[androidx.room:room-runtime:2.6.1] AndroidManifest.xml:25:13-74
195            android:directBootAware="true"
195-->[androidx.room:room-runtime:2.6.1] AndroidManifest.xml:26:13-43
196            android:exported="false" />
196-->[androidx.room:room-runtime:2.6.1] AndroidManifest.xml:27:13-37
197
198        <receiver
198-->[androidx.profileinstaller:profileinstaller:1.3.0] AndroidManifest.xml:34:9-52:20
199            android:name="androidx.profileinstaller.ProfileInstallReceiver"
199-->[androidx.profileinstaller:profileinstaller:1.3.0] AndroidManifest.xml:35:13-76
200            android:directBootAware="false"
200-->[androidx.profileinstaller:profileinstaller:1.3.0] AndroidManifest.xml:36:13-44
201            android:enabled="true"
201-->[androidx.profileinstaller:profileinstaller:1.3.0] AndroidManifest.xml:37:13-35
202            android:exported="true"
202-->[androidx.profileinstaller:profileinstaller:1.3.0] AndroidManifest.xml:38:13-36
203            android:permission="android.permission.DUMP" >
203-->[androidx.profileinstaller:profileinstaller:1.3.0] AndroidManifest.xml:39:13-57
204            <intent-filter>
204-->[androidx.profileinstaller:profileinstaller:1.3.0] AndroidManifest.xml:40:13-42:29
205                <action android:name="androidx.profileinstaller.action.INSTALL_PROFILE" />
205-->[androidx.profileinstaller:profileinstaller:1.3.0] AndroidManifest.xml:41:17-91
205-->[androidx.profileinstaller:profileinstaller:1.3.0] AndroidManifest.xml:41:25-88
206            </intent-filter>
207            <intent-filter>
207-->[androidx.profileinstaller:profileinstaller:1.3.0] AndroidManifest.xml:43:13-45:29
208                <action android:name="androidx.profileinstaller.action.SKIP_FILE" />
208-->[androidx.profileinstaller:profileinstaller:1.3.0] AndroidManifest.xml:44:17-85
208-->[androidx.profileinstaller:profileinstaller:1.3.0] AndroidManifest.xml:44:25-82
209            </intent-filter>
210            <intent-filter>
210-->[androidx.profileinstaller:profileinstaller:1.3.0] AndroidManifest.xml:46:13-48:29
211                <action android:name="androidx.profileinstaller.action.SAVE_PROFILE" />
211-->[androidx.profileinstaller:profileinstaller:1.3.0] AndroidManifest.xml:47:17-88
211-->[androidx.profileinstaller:profileinstaller:1.3.0] AndroidManifest.xml:47:25-85
212            </intent-filter>
213            <intent-filter>
213-->[androidx.profileinstaller:profileinstaller:1.3.0] AndroidManifest.xml:49:13-51:29
214                <action android:name="androidx.profileinstaller.action.BENCHMARK_OPERATION" />
214-->[androidx.profileinstaller:profileinstaller:1.3.0] AndroidManifest.xml:50:17-95
214-->[androidx.profileinstaller:profileinstaller:1.3.0] AndroidManifest.xml:50:25-92
215            </intent-filter>
216        </receiver>
217
218        <activity
218-->[com.journeyapps:zxing-android-embedded:4.3.0] AndroidManifest.xml:47:9-53:63
219            android:name="com.journeyapps.barcodescanner.CaptureActivity"
219-->[com.journeyapps:zxing-android-embedded:4.3.0] AndroidManifest.xml:48:13-74
220            android:clearTaskOnLaunch="true"
220-->[com.journeyapps:zxing-android-embedded:4.3.0] AndroidManifest.xml:49:13-45
221            android:screenOrientation="sensorLandscape"
221-->[com.journeyapps:zxing-android-embedded:4.3.0] AndroidManifest.xml:50:13-56
222            android:stateNotNeeded="true"
222-->[com.journeyapps:zxing-android-embedded:4.3.0] AndroidManifest.xml:51:13-42
223            android:theme="@style/zxing_CaptureTheme"
223-->[com.journeyapps:zxing-android-embedded:4.3.0] AndroidManifest.xml:52:13-54
224            android:windowSoftInputMode="stateAlwaysHidden" />
224-->[com.journeyapps:zxing-android-embedded:4.3.0] AndroidManifest.xml:53:13-60
225    </application>
226
227</manifest>